<?xml version="1.0" encoding="UTF-8"?>
<coverage generated="1761338337454" clover="3.2.0">
  <project timestamp="1761338337454" name="All files">
    <metrics statements="200" coveredstatements="132" conditionals="133" coveredconditionals="66" methods="95" coveredmethods="51" elements="428" coveredelements="249" complexity="0" loc="200" ncloc="200" packages="4" files="10" classes="10"/>
    <package name="componentes">
      <metrics statements="2" coveredstatements="2" conditionals="3" coveredconditionals="2" methods="2" coveredmethods="2"/>
      <file name="Footer.jsx" path="C:\Users\B\Downloads\PasteleriaReact-main\PasteleriaReact-main\src\componentes\Footer.jsx">
        <metrics statements="1" coveredstatements="1" conditionals="0" coveredconditionals="0" methods="1" coveredmethods="1"/>
        <line num="4" count="20" type="stmt"/>
      </file>
      <file name="Navbar.jsx" path="C:\Users\B\Downloads\PasteleriaReact-main\PasteleriaReact-main\src\componentes\Navbar.jsx">
        <metrics statements="1" coveredstatements="1" conditionals="3" coveredconditionals="2" methods="1" coveredmethods="1"/>
        <line num="6" count="48" type="stmt"/>
      </file>
    </package>
    <package name="data">
      <metrics statements="25" coveredstatements="8" conditionals="10" coveredconditionals="1" methods="15" coveredmethods="4"/>
      <file name="productos.js" path="C:\Users\B\Downloads\PasteleriaReact-main\PasteleriaReact-main\src\data\productos.js">
        <metrics statements="25" coveredstatements="8" conditionals="10" coveredconditionals="1" methods="15" coveredmethods="4"/>
        <line num="2" count="1" type="stmt"/>
        <line num="4" count="1" type="stmt"/>
        <line num="24" count="1" type="stmt"/>
        <line num="25" count="1" type="stmt"/>
        <line num="26" count="1" type="cond" truecount="1" falsecount="1"/>
        <line num="28" count="0" type="stmt"/>
        <line num="33" count="1" type="stmt"/>
        <line num="36" count="0" type="stmt"/>
        <line num="37" count="0" type="cond" truecount="0" falsecount="2"/>
        <line num="39" count="0" type="stmt"/>
        <line num="40" count="0" type="cond" truecount="0" falsecount="2"/>
        <line num="41" count="0" type="stmt"/>
        <line num="42" count="0" type="stmt"/>
        <line num="43" count="0" type="stmt"/>
        <line num="46" count="0" type="stmt"/>
        <line num="47" count="0" type="stmt"/>
        <line num="48" count="0" type="cond" truecount="0" falsecount="2"/>
        <line num="49" count="0" type="stmt"/>
        <line num="50" count="0" type="stmt"/>
        <line num="51" count="0" type="stmt"/>
        <line num="54" count="16" type="stmt"/>
        <line num="55" count="1" type="stmt"/>
        <line num="58" count="0" type="cond" truecount="0" falsecount="2"/>
        <line num="59" count="0" type="stmt"/>
        <line num="62" count="0" type="stmt"/>
      </file>
    </package>
    <package name="paginas">
      <metrics statements="158" coveredstatements="115" conditionals="105" coveredconditionals="60" methods="74" coveredmethods="43"/>
      <file name="Carrito.jsx" path="C:\Users\B\Downloads\PasteleriaReact-main\PasteleriaReact-main\src\paginas\Carrito.jsx">
        <metrics statements="57" coveredstatements="28" conditionals="42" coveredconditionals="16" methods="27" coveredmethods="12"/>
        <line num="9" count="1" type="stmt"/>
        <line num="10" count="13" type="cond" truecount="1" falsecount="1"/>
        <line num="17" count="6" type="stmt"/>
        <line num="18" count="6" type="stmt"/>
        <line num="19" count="6" type="stmt"/>
        <line num="21" count="6" type="stmt"/>
        <line num="22" count="2" type="stmt"/>
        <line num="23" count="2" type="stmt"/>
        <line num="24" count="2" type="stmt"/>
        <line num="25" count="2" type="cond" truecount="1" falsecount="1"/>
        <line num="27" count="0" type="stmt"/>
        <line num="29" count="2" type="stmt"/>
        <line num="32" count="6" type="stmt"/>
        <line num="33" count="6" type="cond" truecount="2" falsecount="0"/>
        <line num="34" count="4" type="stmt"/>
        <line num="37" count="6" type="stmt"/>
        <line num="38" count="6" type="cond" truecount="2" falsecount="3"/>
        <line num="42" count="6" type="stmt"/>
        <line num="43" count="0" type="stmt"/>
        <line num="44" count="0" type="cond" truecount="0" falsecount="4"/>
        <line num="48" count="6" type="stmt"/>
        <line num="49" count="0" type="stmt"/>
        <line num="50" count="0" type="stmt"/>
        <line num="51" count="0" type="cond" truecount="0" falsecount="4"/>
        <line num="52" count="0" type="cond" truecount="0" falsecount="2"/>
        <line num="56" count="6" type="stmt"/>
        <line num="58" count="2" type="stmt"/>
        <line num="61" count="1" type="stmt"/>
        <line num="64" count="6" type="stmt"/>
        <line num="66" count="6" type="stmt"/>
        <line num="67" count="0" type="stmt"/>
        <line num="68" count="0" type="stmt"/>
        <line num="69" count="0" type="stmt"/>
        <line num="72" count="6" type="stmt"/>
        <line num="73" count="0" type="stmt"/>
        <line num="74" count="0" type="stmt"/>
        <line num="75" count="0" type="stmt"/>
        <line num="78" count="6" type="stmt"/>
        <line num="79" count="0" type="stmt"/>
        <line num="80" count="0" type="stmt"/>
        <line num="81" count="0" type="stmt"/>
        <line num="82" count="0" type="stmt"/>
        <line num="83" count="0" type="stmt"/>
        <line num="84" count="0" type="cond" truecount="0" falsecount="2"/>
        <line num="86" count="0" type="stmt"/>
        <line num="87" count="0" type="stmt"/>
        <line num="88" count="0" type="stmt"/>
        <line num="90" count="0" type="stmt"/>
        <line num="91" count="0" type="stmt"/>
        <line num="95" count="6" type="stmt"/>
        <line num="119" count="5" type="stmt"/>
        <line num="127" count="0" type="stmt"/>
        <line num="135" count="0" type="stmt"/>
        <line num="143" count="0" type="stmt"/>
        <line num="153" count="1" type="stmt"/>
        <line num="178" count="0" type="stmt"/>
        <line num="185" count="0" type="stmt"/>
      </file>
      <file name="Catalogo.jsx" path="C:\Users\B\Downloads\PasteleriaReact-main\PasteleriaReact-main\src\paginas\Catalogo.jsx">
        <metrics statements="52" coveredstatements="49" conditionals="35" coveredconditionals="23" methods="28" coveredmethods="20"/>
        <line num="13" count="14" type="stmt"/>
        <line num="14" count="14" type="stmt"/>
        <line num="15" count="14" type="stmt"/>
        <line num="16" count="14" type="stmt"/>
        <line num="17" count="14" type="stmt"/>
        <line num="18" count="14" type="stmt"/>
        <line num="19" count="14" type="stmt"/>
        <line num="22" count="14" type="stmt"/>
        <line num="23" count="4" type="stmt"/>
        <line num="24" count="4" type="cond" truecount="1" falsecount="1"/>
        <line num="28" count="14" type="stmt"/>
        <line num="30" count="14" type="stmt"/>
        <line num="32" count="1" type="stmt"/>
        <line num="33" count="1" type="stmt"/>
        <line num="35" count="1" type="stmt"/>
        <line num="36" count="1" type="stmt"/>
        <line num="37" count="1" type="stmt"/>
        <line num="38" count="1" type="stmt"/>
        <line num="39" count="1" type="stmt"/>
        <line num="40" count="1" type="stmt"/>
        <line num="46" count="14" type="stmt"/>
        <line num="47" count="12" type="stmt"/>
        <line num="48" count="8" type="stmt"/>
        <line num="52" count="14" type="stmt"/>
        <line num="53" count="10" type="stmt"/>
        <line num="54" count="10" type="stmt"/>
        <line num="55" count="18" type="cond" truecount="2" falsecount="0"/>
        <line num="56" count="18" type="cond" truecount="3" falsecount="1"/>
        <line num="57" count="18" type="cond" truecount="2" falsecount="0"/>
        <line num="61" count="14" type="stmt"/>
        <line num="62" count="10" type="stmt"/>
        <line num="63" count="12" type="cond" truecount="3" falsecount="3"/>
        <line num="64" count="10" type="cond" truecount="1" falsecount="5"/>
        <line num="65" count="10" type="stmt"/>
        <line num="68" count="14" type="stmt"/>
        <line num="69" count="14" type="stmt"/>
        <line num="70" count="14" type="stmt"/>
        <line num="71" count="14" type="stmt"/>
        <line num="72" count="14" type="stmt"/>
        <line num="74" count="14" type="stmt"/>
        <line num="75" count="22" type="cond" truecount="1" falsecount="1"/>
        <line num="77" count="14" type="stmt"/>
        <line num="78" count="14" type="stmt"/>
        <line num="80" count="14" type="stmt"/>
        <line num="96" count="1" type="stmt"/>
        <line num="100" count="34" type="stmt"/>
        <line num="113" count="1" type="stmt"/>
        <line num="124" count="0" type="stmt"/>
        <line num="138" count="0" type="stmt"/>
        <line num="162" count="22" type="stmt"/>
        <line num="172" count="0" type="stmt"/>
        <line num="184" count="1" type="stmt"/>
      </file>
      <file name="CompraError.jsx" path="C:\Users\B\Downloads\PasteleriaReact-main\PasteleriaReact-main\src\paginas\CompraError.jsx">
        <metrics statements="1" coveredstatements="1" conditionals="0" coveredconditionals="0" methods="1" coveredmethods="1"/>
        <line num="7" count="1" type="stmt"/>
      </file>
      <file name="CompraExitosa.jsx" path="C:\Users\B\Downloads\PasteleriaReact-main\PasteleriaReact-main\src\paginas\CompraExitosa.jsx">
        <metrics statements="1" coveredstatements="1" conditionals="0" coveredconditionals="0" methods="1" coveredmethods="1"/>
        <line num="7" count="1" type="stmt"/>
      </file>
      <file name="Contacto.jsx" path="C:\Users\B\Downloads\PasteleriaReact-main\PasteleriaReact-main\src\paginas\Contacto.jsx">
        <metrics statements="15" coveredstatements="6" conditionals="2" coveredconditionals="1" methods="5" coveredmethods="1"/>
        <line num="9" count="1" type="stmt"/>
        <line num="10" count="1" type="stmt"/>
        <line num="11" count="1" type="stmt"/>
        <line num="12" count="1" type="stmt"/>
        <line num="14" count="1" type="stmt"/>
        <line num="15" count="0" type="stmt"/>
        <line num="16" count="0" type="stmt"/>
        <line num="17" count="0" type="stmt"/>
        <line num="18" count="0" type="stmt"/>
        <line num="19" count="0" type="stmt"/>
        <line num="20" count="0" type="stmt"/>
        <line num="23" count="1" type="stmt"/>
        <line num="59" count="0" type="stmt"/>
        <line num="70" count="0" type="stmt"/>
        <line num="81" count="0" type="stmt"/>
      </file>
      <file name="Registrarse.jsx" path="C:\Users\B\Downloads\PasteleriaReact-main\PasteleriaReact-main\src\paginas\Registrarse.jsx">
        <metrics statements="32" coveredstatements="30" conditionals="26" coveredconditionals="20" methods="12" coveredmethods="8"/>
        <line num="7" count="29" type="stmt"/>
        <line num="8" count="29" type="stmt"/>
        <line num="9" count="29" type="stmt"/>
        <line num="10" count="29" type="stmt"/>
        <line num="11" count="29" type="stmt"/>
        <line num="12" count="29" type="stmt"/>
        <line num="14" count="29" type="stmt"/>
        <line num="15" count="29" type="stmt"/>
        <line num="16" count="29" type="stmt"/>
        <line num="18" count="29" type="stmt"/>
        <line num="19" count="4" type="stmt"/>
        <line num="20" count="4" type="cond" truecount="8" falsecount="0"/>
        <line num="21" count="1" type="stmt"/>
        <line num="22" count="1" type="stmt"/>
        <line num="24" count="3" type="stmt"/>
        <line num="25" count="3" type="cond" truecount="2" falsecount="0"/>
        <line num="26" count="1" type="stmt"/>
        <line num="27" count="1" type="stmt"/>
        <line num="29" count="2" type="cond" truecount="2" falsecount="0"/>
        <line num="30" count="1" type="stmt"/>
        <line num="31" count="1" type="stmt"/>
        <line num="33" count="1" type="stmt"/>
        <line num="34" count="1" type="stmt"/>
        <line num="37" count="29" type="stmt"/>
        <line num="53" count="4" type="stmt"/>
        <line num="66" count="3" type="stmt"/>
        <line num="79" count="3" type="stmt"/>
        <line num="91" count="3" type="stmt"/>
        <line num="106" count="3" type="stmt"/>
        <line num="114" count="0" type="stmt"/>
        <line num="140" count="3" type="stmt"/>
        <line num="148" count="0" type="stmt"/>
      </file>
    </package>
    <package name="utils">
      <metrics statements="15" coveredstatements="7" conditionals="15" coveredconditionals="3" methods="4" coveredmethods="2"/>
      <file name="cart.js" path="C:\Users\B\Downloads\PasteleriaReact-main\PasteleriaReact-main\src\utils\cart.js">
        <metrics statements="15" coveredstatements="7" conditionals="15" coveredconditionals="3" methods="4" coveredmethods="2"/>
        <line num="2" count="1" type="stmt"/>
        <line num="5" count="2" type="stmt"/>
        <line num="6" count="2" type="stmt"/>
        <line num="7" count="2" type="cond" truecount="1" falsecount="1"/>
        <line num="8" count="2" type="cond" truecount="1" falsecount="1"/>
        <line num="10" count="0" type="stmt"/>
        <line num="15" count="4" type="stmt"/>
        <line num="16" count="4" type="cond" truecount="1" falsecount="1"/>
        <line num="21" count="0" type="stmt"/>
        <line num="22" count="0" type="stmt"/>
        <line num="23" count="0" type="cond" truecount="0" falsecount="2"/>
        <line num="24" count="0" type="cond" truecount="0" falsecount="4"/>
        <line num="26" count="0" type="cond" truecount="0" falsecount="2"/>
        <line num="28" count="0" type="stmt"/>
        <line num="29" count="0" type="stmt"/>
      </file>
    </package>
  </project>
</coverage>
