{"C:\\Users\\B\\Downloads\\PasteleriaReact-main\\PasteleriaReact-main\\src\\componentes\\Footer.jsx": {"path":"C:\\Users\\B\\Downloads\\PasteleriaReact-main\\PasteleriaReact-main\\src\\componentes\\Footer.jsx","statementMap":{"0":{"start":{"line":4,"column":2},"end":{"line":8,"column":3}}},"fnMap":{"0":{"name":"Footer","decl":{"start":{"line":3,"column":24},"end":{"line":3,"column":30}},"loc":{"start":{"line":3,"column":33},"end":{"line":9,"column":1}},"line":3}},"branchMap":{},"s":{"0":20},"f":{"0":20},"b":{},"_coverageSchema":"1a1c01bbd47fc00a2c39e90264f33305004495a9","hash":"3d7799e36a595abfa8acd1f2ea3eb882d6e7ae30"}
,"C:\\Users\\B\\Downloads\\PasteleriaReact-main\\PasteleriaReact-main\\src\\componentes\\Navbar.jsx": {"path":"C:\\Users\\B\\Downloads\\PasteleriaReact-main\\PasteleriaReact-main\\src\\componentes\\Navbar.jsx","statementMap":{"0":{"start":{"line":6,"column":2},"end":{"line":54,"column":4}}},"fnMap":{"0":{"name":"Navbar","decl":{"start":{"line":5,"column":24},"end":{"line":5,"column":30}},"loc":{"start":{"line":5,"column":50},"end":{"line":55,"column":1}},"line":5}},"branchMap":{"0":{"loc":{"start":{"line":5,"column":33},"end":{"line":5,"column":46}},"type":"default-arg","locations":[{"start":{"line":5,"column":45},"end":{"line":5,"column":46}}],"line":5},"1":{"loc":{"start":{"line":40,"column":15},"end":{"line":44,"column":15}},"type":"binary-expr","locations":[{"start":{"line":40,"column":15},"end":{"line":40,"column":28}},{"start":{"line":41,"column":16},"end":{"line":43,"column":23}}],"line":40}},"s":{"0":48},"f":{"0":48},"b":{"0":[48],"1":[48,0]},"_coverageSchema":"1a1c01bbd47fc00a2c39e90264f33305004495a9","hash":"b6297368a4d5c77106fab7049664d740bb6249e7"}
,"C:\\Users\\B\\Downloads\\PasteleriaReact-main\\PasteleriaReact-main\\src\\data\\productos.js": {"path":"C:\\Users\\B\\Downloads\\PasteleriaReact-main\\PasteleriaReact-main\\src\\data\\productos.js","statementMap":{"0":{"start":{"line":2,"column":12},"end":{"line":2,"column":28}},"1":{"start":{"line":4,"column":13},"end":{"line":21,"column":1}},"2":{"start":{"line":24,"column":2},"end":{"line":29,"column":3}},"3":{"start":{"line":25,"column":16},"end":{"line":25,"column":41}},"4":{"start":{"line":26,"column":4},"end":{"line":26,"column":40}},"5":{"start":{"line":28,"column":4},"end":{"line":28,"column":16}},"6":{"start":{"line":33,"column":2},"end":{"line":33,"column":67}},"7":{"start":{"line":33,"column":8},"end":{"line":33,"column":56}},"8":{"start":{"line":36,"column":27},"end":{"line":36,"column":41}},"9":{"start":{"line":37,"column":30},"end":{"line":37,"column":83}},"10":{"start":{"line":37,"column":54},"end":{"line":37,"column":73}},"11":{"start":{"line":39,"column":15},"end":{"line":39,"column":21}},"12":{"start":{"line":40,"column":13},"end":{"line":40,"column":67}},"13":{"start":{"line":40,"column":53},"end":{"line":40,"column":57}},"14":{"start":{"line":41,"column":16},"end":{"line":41,"column":34}},"15":{"start":{"line":42,"column":2},"end":{"line":42,"column":25}},"16":{"start":{"line":43,"column":2},"end":{"line":43,"column":15}},"17":{"start":{"line":46,"column":15},"end":{"line":46,"column":21}},"18":{"start":{"line":47,"column":12},"end":{"line":47,"column":52}},"19":{"start":{"line":47,"column":32},"end":{"line":47,"column":51}},"20":{"start":{"line":48,"column":2},"end":{"line":48,"column":25}},"21":{"start":{"line":48,"column":13},"end":{"line":48,"column":25}},"22":{"start":{"line":49,"column":2},"end":{"line":49,"column":37}},"23":{"start":{"line":50,"column":2},"end":{"line":50,"column":13}},"24":{"start":{"line":51,"column":2},"end":{"line":51,"column":17}},"25":{"start":{"line":54,"column":15},"end":{"line":54,"column":54}},"26":{"start":{"line":54,"column":34},"end":{"line":54,"column":53}},"27":{"start":{"line":55,"column":2},"end":{"line":55,"column":13}},"28":{"start":{"line":58,"column":2},"end":{"line":58,"column":37}},"29":{"start":{"line":58,"column":21},"end":{"line":58,"column":37}},"30":{"start":{"line":59,"column":2},"end":{"line":59,"column":48}},"31":{"start":{"line":59,"column":28},"end":{"line":59,"column":46}},"32":{"start":{"line":62,"column":2},"end":{"line":62,"column":38}},"33":{"start":{"line":62,"column":28},"end":{"line":62,"column":36}}},"fnMap":{"0":{"name":"load","decl":{"start":{"line":23,"column":9},"end":{"line":23,"column":13}},"loc":{"start":{"line":23,"column":16},"end":{"line":30,"column":1}},"line":23},"1":{"name":"save","decl":{"start":{"line":32,"column":9},"end":{"line":32,"column":13}},"loc":{"start":{"line":32,"column":20},"end":{"line":34,"column":1}},"line":32},"2":{"name":"getAll","decl":{"start":{"line":36,"column":16},"end":{"line":36,"column":22}},"loc":{"start":{"line":36,"column":25},"end":{"line":36,"column":43}},"line":36},"3":{"name":"getById","decl":{"start":{"line":37,"column":16},"end":{"line":37,"column":23}},"loc":{"start":{"line":37,"column":28},"end":{"line":37,"column":85}},"line":37},"4":{"name":"(anonymous_4)","decl":{"start":{"line":37,"column":49},"end":{"line":37,"column":50}},"loc":{"start":{"line":37,"column":54},"end":{"line":37,"column":73}},"line":37},"5":{"name":"create","decl":{"start":{"line":38,"column":16},"end":{"line":38,"column":22}},"loc":{"start":{"line":38,"column":32},"end":{"line":44,"column":1}},"line":38},"6":{"name":"(anonymous_6)","decl":{"start":{"line":40,"column":48},"end":{"line":40,"column":49}},"loc":{"start":{"line":40,"column":53},"end":{"line":40,"column":57}},"line":40},"7":{"name":"update","decl":{"start":{"line":45,"column":16},"end":{"line":45,"column":22}},"loc":{"start":{"line":45,"column":34},"end":{"line":52,"column":1}},"line":45},"8":{"name":"(anonymous_8)","decl":{"start":{"line":47,"column":27},"end":{"line":47,"column":28}},"loc":{"start":{"line":47,"column":32},"end":{"line":47,"column":51}},"line":47},"9":{"name":"remove","decl":{"start":{"line":53,"column":16},"end":{"line":53,"column":22}},"loc":{"start":{"line":53,"column":27},"end":{"line":56,"column":1}},"line":53},"10":{"name":"(anonymous_10)","decl":{"start":{"line":54,"column":29},"end":{"line":54,"column":30}},"loc":{"start":{"line":54,"column":34},"end":{"line":54,"column":53}},"line":54},"11":{"name":"getByCategory","decl":{"start":{"line":57,"column":16},"end":{"line":57,"column":29}},"loc":{"start":{"line":57,"column":35},"end":{"line":60,"column":1}},"line":57},"12":{"name":"(anonymous_12)","decl":{"start":{"line":59,"column":23},"end":{"line":59,"column":24}},"loc":{"start":{"line":59,"column":28},"end":{"line":59,"column":46}},"line":59},"13":{"name":"getOffers","decl":{"start":{"line":61,"column":16},"end":{"line":61,"column":25}},"loc":{"start":{"line":61,"column":28},"end":{"line":63,"column":1}},"line":61},"14":{"name":"(anonymous_14)","decl":{"start":{"line":62,"column":23},"end":{"line":62,"column":24}},"loc":{"start":{"line":62,"column":28},"end":{"line":62,"column":36}},"line":62}},"branchMap":{"0":{"loc":{"start":{"line":26,"column":11},"end":{"line":26,"column":39}},"type":"cond-expr","locations":[{"start":{"line":26,"column":17},"end":{"line":26,"column":32}},{"start":{"line":26,"column":35},"end":{"line":26,"column":39}}],"line":26},"1":{"loc":{"start":{"line":37,"column":37},"end":{"line":37,"column":82}},"type":"binary-expr","locations":[{"start":{"line":37,"column":37},"end":{"line":37,"column":74}},{"start":{"line":37,"column":78},"end":{"line":37,"column":82}}],"line":37},"2":{"loc":{"start":{"line":40,"column":13},"end":{"line":40,"column":67}},"type":"cond-expr","locations":[{"start":{"line":40,"column":27},"end":{"line":40,"column":63}},{"start":{"line":40,"column":66},"end":{"line":40,"column":67}}],"line":40},"3":{"loc":{"start":{"line":48,"column":2},"end":{"line":48,"column":25}},"type":"if","locations":[{"start":{"line":48,"column":2},"end":{"line":48,"column":25}},{"start":{},"end":{}}],"line":48},"4":{"loc":{"start":{"line":58,"column":2},"end":{"line":58,"column":37}},"type":"if","locations":[{"start":{"line":58,"column":2},"end":{"line":58,"column":37}},{"start":{},"end":{}}],"line":58}},"s":{"0":1,"1":1,"2":1,"3":1,"4":1,"5":0,"6":1,"7":1,"8":0,"9":0,"10":0,"11":0,"12":0,"13":0,"14":0,"15":0,"16":0,"17":0,"18":0,"19":0,"20":0,"21":0,"22":0,"23":0,"24":0,"25":1,"26":16,"27":1,"28":0,"29":0,"30":0,"31":0,"32":0,"33":0},"f":{"0":1,"1":1,"2":0,"3":0,"4":0,"5":0,"6":0,"7":0,"8":0,"9":1,"10":16,"11":0,"12":0,"13":0,"14":0},"b":{"0":[0,1],"1":[0,0],"2":[0,0],"3":[0,0],"4":[0,0]},"_coverageSchema":"1a1c01bbd47fc00a2c39e90264f33305004495a9","hash":"fe58228b500a01722018c7380e3b66e5eebc6025"}
,"C:\\Users\\B\\Downloads\\PasteleriaReact-main\\PasteleriaReact-main\\src\\paginas\\Carrito.jsx": {"path":"C:\\Users\\B\\Downloads\\PasteleriaReact-main\\PasteleriaReact-main\\src\\paginas\\Carrito.jsx","statementMap":{"0":{"start":{"line":9,"column":14},"end":{"line":14,"column":4}},"1":{"start":{"line":10,"column":2},"end":{"line":14,"column":4}},"2":{"start":{"line":17,"column":28},"end":{"line":17,"column":40}},"3":{"start":{"line":18,"column":28},"end":{"line":18,"column":79}},"4":{"start":{"line":19,"column":30},"end":{"line":19,"column":45}},"5":{"start":{"line":21,"column":2},"end":{"line":30,"column":9}},"6":{"start":{"line":22,"column":4},"end":{"line":22,"column":25}},"7":{"start":{"line":23,"column":4},"end":{"line":28,"column":5}},"8":{"start":{"line":24,"column":21},"end":{"line":24,"column":53}},"9":{"start":{"line":25,"column":6},"end":{"line":25,"column":88}},"10":{"start":{"line":27,"column":6},"end":{"line":27,"column":58}},"11":{"start":{"line":29,"column":4},"end":{"line":29,"column":20}},"12":{"start":{"line":32,"column":2},"end":{"line":35,"column":22}},"13":{"start":{"line":33,"column":4},"end":{"line":33,"column":24}},"14":{"start":{"line":33,"column":17},"end":{"line":33,"column":24}},"15":{"start":{"line":34,"column":4},"end":{"line":34,"column":21}},"16":{"start":{"line":37,"column":16},"end":{"line":40,"column":3}},"17":{"start":{"line":38,"column":10},"end":{"line":38,"column":104}},"18":{"start":{"line":38,"column":36},"end":{"line":38,"column":100}},"19":{"start":{"line":42,"column":14},"end":{"line":46,"column":3}},"20":{"start":{"line":43,"column":4},"end":{"line":45,"column":6}},"21":{"start":{"line":44,"column":6},"end":{"line":44,"column":81}},"22":{"start":{"line":44,"column":21},"end":{"line":44,"column":80}},"23":{"start":{"line":48,"column":14},"end":{"line":54,"column":3}},"24":{"start":{"line":49,"column":4},"end":{"line":53,"column":6}},"25":{"start":{"line":50,"column":6},"end":{"line":52,"column":40}},"26":{"start":{"line":51,"column":19},"end":{"line":51,"column":91}},"27":{"start":{"line":52,"column":22},"end":{"line":52,"column":39}},"28":{"start":{"line":56,"column":17},"end":{"line":62,"column":3}},"29":{"start":{"line":58,"column":4},"end":{"line":58,"column":54}},"30":{"start":{"line":58,"column":21},"end":{"line":58,"column":52}},"31":{"start":{"line":58,"column":39},"end":{"line":58,"column":51}},"32":{"start":{"line":61,"column":4},"end":{"line":61,"column":22}},"33":{"start":{"line":64,"column":16},"end":{"line":64,"column":34}},"34":{"start":{"line":64,"column":22},"end":{"line":64,"column":34}},"35":{"start":{"line":66,"column":19},"end":{"line":70,"column":3}},"36":{"start":{"line":67,"column":17},"end":{"line":67,"column":36}},"37":{"start":{"line":68,"column":4},"end":{"line":68,"column":19}},"38":{"start":{"line":69,"column":4},"end":{"line":69,"column":59}},"39":{"start":{"line":72,"column":20},"end":{"line":76,"column":3}},"40":{"start":{"line":73,"column":17},"end":{"line":73,"column":37}},"41":{"start":{"line":74,"column":4},"end":{"line":74,"column":19}},"42":{"start":{"line":75,"column":4},"end":{"line":75,"column":59}},"43":{"start":{"line":78,"column":30},"end":{"line":93,"column":3}},"44":{"start":{"line":79,"column":4},"end":{"line":92,"column":5}},"45":{"start":{"line":80,"column":32},"end":{"line":80,"column":66}},"46":{"start":{"line":81,"column":20},"end":{"line":81,"column":22}},"47":{"start":{"line":82,"column":6},"end":{"line":85,"column":16}},"48":{"start":{"line":83,"column":24},"end":{"line":83,"column":55}},"49":{"start":{"line":84,"column":8},"end":{"line":84,"column":51}},"50":{"start":{"line":84,"column":21},"end":{"line":84,"column":51}},"51":{"start":{"line":86,"column":21},"end":{"line":86,"column":49}},"52":{"start":{"line":87,"column":20},"end":{"line":87,"column":54}},"53":{"start":{"line":88,"column":6},"end":{"line":88,"column":84}},"54":{"start":{"line":90,"column":6},"end":{"line":90,"column":52}},"55":{"start":{"line":91,"column":6},"end":{"line":91,"column":82}},"56":{"start":{"line":95,"column":2},"end":{"line":199,"column":4}},"57":{"start":{"line":119,"column":18},"end":{"line":159,"column":23}},"58":{"start":{"line":127,"column":42},"end":{"line":127,"column":98}},"59":{"start":{"line":135,"column":39},"end":{"line":135,"column":49}},"60":{"start":{"line":143,"column":39},"end":{"line":143,"column":49}},"61":{"start":{"line":153,"column":39},"end":{"line":153,"column":52}},"62":{"start":{"line":178,"column":33},"end":{"line":178,"column":57}},"63":{"start":{"line":185,"column":33},"end":{"line":185,"column":58}}},"fnMap":{"0":{"name":"(anonymous_0)","decl":{"start":{"line":9,"column":14},"end":{"line":9,"column":15}},"loc":{"start":{"line":10,"column":2},"end":{"line":14,"column":4}},"line":10},"1":{"name":"Carrito","decl":{"start":{"line":16,"column":24},"end":{"line":16,"column":31}},"loc":{"start":{"line":16,"column":34},"end":{"line":200,"column":1}},"line":16},"2":{"name":"(anonymous_2)","decl":{"start":{"line":21,"column":12},"end":{"line":21,"column":13}},"loc":{"start":{"line":21,"column":18},"end":{"line":30,"column":3}},"line":21},"3":{"name":"(anonymous_3)","decl":{"start":{"line":32,"column":12},"end":{"line":32,"column":13}},"loc":{"start":{"line":32,"column":18},"end":{"line":35,"column":3}},"line":32},"4":{"name":"(anonymous_4)","decl":{"start":{"line":38,"column":4},"end":{"line":38,"column":5}},"loc":{"start":{"line":38,"column":10},"end":{"line":38,"column":104}},"line":38},"5":{"name":"(anonymous_5)","decl":{"start":{"line":38,"column":23},"end":{"line":38,"column":24}},"loc":{"start":{"line":38,"column":36},"end":{"line":38,"column":100}},"line":38},"6":{"name":"(anonymous_6)","decl":{"start":{"line":42,"column":14},"end":{"line":42,"column":15}},"loc":{"start":{"line":42,"column":22},"end":{"line":46,"column":3}},"line":42},"7":{"name":"(anonymous_7)","decl":{"start":{"line":43,"column":13},"end":{"line":43,"column":14}},"loc":{"start":{"line":44,"column":6},"end":{"line":44,"column":81}},"line":44},"8":{"name":"(anonymous_8)","decl":{"start":{"line":44,"column":15},"end":{"line":44,"column":16}},"loc":{"start":{"line":44,"column":21},"end":{"line":44,"column":80}},"line":44},"9":{"name":"(anonymous_9)","decl":{"start":{"line":48,"column":14},"end":{"line":48,"column":15}},"loc":{"start":{"line":48,"column":22},"end":{"line":54,"column":3}},"line":48},"10":{"name":"(anonymous_10)","decl":{"start":{"line":49,"column":13},"end":{"line":49,"column":14}},"loc":{"start":{"line":50,"column":6},"end":{"line":52,"column":40}},"line":50},"11":{"name":"(anonymous_11)","decl":{"start":{"line":51,"column":13},"end":{"line":51,"column":14}},"loc":{"start":{"line":51,"column":19},"end":{"line":51,"column":91}},"line":51},"12":{"name":"(anonymous_12)","decl":{"start":{"line":52,"column":16},"end":{"line":52,"column":17}},"loc":{"start":{"line":52,"column":22},"end":{"line":52,"column":39}},"line":52},"13":{"name":"(anonymous_13)","decl":{"start":{"line":56,"column":17},"end":{"line":56,"column":18}},"loc":{"start":{"line":56,"column":25},"end":{"line":62,"column":3}},"line":56},"14":{"name":"(anonymous_14)","decl":{"start":{"line":58,"column":13},"end":{"line":58,"column":14}},"loc":{"start":{"line":58,"column":21},"end":{"line":58,"column":52}},"line":58},"15":{"name":"(anonymous_15)","decl":{"start":{"line":58,"column":33},"end":{"line":58,"column":34}},"loc":{"start":{"line":58,"column":39},"end":{"line":58,"column":51}},"line":58},"16":{"name":"(anonymous_16)","decl":{"start":{"line":64,"column":16},"end":{"line":64,"column":17}},"loc":{"start":{"line":64,"column":22},"end":{"line":64,"column":34}},"line":64},"17":{"name":"(anonymous_17)","decl":{"start":{"line":66,"column":19},"end":{"line":66,"column":20}},"loc":{"start":{"line":66,"column":30},"end":{"line":70,"column":3}},"line":66},"18":{"name":"(anonymous_18)","decl":{"start":{"line":72,"column":20},"end":{"line":72,"column":21}},"loc":{"start":{"line":72,"column":32},"end":{"line":76,"column":3}},"line":72},"19":{"name":"(anonymous_19)","decl":{"start":{"line":78,"column":30},"end":{"line":78,"column":31}},"loc":{"start":{"line":78,"column":42},"end":{"line":93,"column":3}},"line":78},"20":{"name":"(anonymous_20)","decl":{"start":{"line":118,"column":27},"end":{"line":118,"column":28}},"loc":{"start":{"line":119,"column":18},"end":{"line":159,"column":23}},"line":119},"21":{"name":"(anonymous_21)","decl":{"start":{"line":127,"column":33},"end":{"line":127,"column":34}},"loc":{"start":{"line":127,"column":40},"end":{"line":127,"column":100}},"line":127},"22":{"name":"(anonymous_22)","decl":{"start":{"line":135,"column":33},"end":{"line":135,"column":34}},"loc":{"start":{"line":135,"column":39},"end":{"line":135,"column":49}},"line":135},"23":{"name":"(anonymous_23)","decl":{"start":{"line":143,"column":33},"end":{"line":143,"column":34}},"loc":{"start":{"line":143,"column":39},"end":{"line":143,"column":49}},"line":143},"24":{"name":"(anonymous_24)","decl":{"start":{"line":153,"column":33},"end":{"line":153,"column":34}},"loc":{"start":{"line":153,"column":39},"end":{"line":153,"column":52}},"line":153},"25":{"name":"(anonymous_25)","decl":{"start":{"line":178,"column":26},"end":{"line":178,"column":27}},"loc":{"start":{"line":178,"column":33},"end":{"line":178,"column":57}},"line":178},"26":{"name":"(anonymous_26)","decl":{"start":{"line":185,"column":26},"end":{"line":185,"column":27}},"loc":{"start":{"line":185,"column":33},"end":{"line":185,"column":58}},"line":185}},"branchMap":{"0":{"loc":{"start":{"line":10,"column":9},"end":{"line":10,"column":15}},"type":"binary-expr","locations":[{"start":{"line":10,"column":9},"end":{"line":10,"column":10}},{"start":{"line":10,"column":14},"end":{"line":10,"column":15}}],"line":10},"1":{"loc":{"start":{"line":25,"column":15},"end":{"line":25,"column":86}},"type":"cond-expr","locations":[{"start":{"line":25,"column":24},"end":{"line":25,"column":42}},{"start":{"line":25,"column":45},"end":{"line":25,"column":86}}],"line":25},"2":{"loc":{"start":{"line":33,"column":4},"end":{"line":33,"column":24}},"type":"if","locations":[{"start":{"line":33,"column":4},"end":{"line":33,"column":24}},{"start":{},"end":{}}],"line":33},"3":{"loc":{"start":{"line":38,"column":50},"end":{"line":38,"column":76}},"type":"binary-expr","locations":[{"start":{"line":38,"column":50},"end":{"line":38,"column":58}},{"start":{"line":38,"column":62},"end":{"line":38,"column":71}},{"start":{"line":38,"column":75},"end":{"line":38,"column":76}}],"line":38},"4":{"loc":{"start":{"line":38,"column":87},"end":{"line":38,"column":98}},"type":"binary-expr","locations":[{"start":{"line":38,"column":87},"end":{"line":38,"column":93}},{"start":{"line":38,"column":97},"end":{"line":38,"column":98}}],"line":38},"5":{"loc":{"start":{"line":44,"column":21},"end":{"line":44,"column":80}},"type":"cond-expr","locations":[{"start":{"line":44,"column":36},"end":{"line":44,"column":75}},{"start":{"line":44,"column":78},"end":{"line":44,"column":80}}],"line":44},"6":{"loc":{"start":{"line":44,"column":57},"end":{"line":44,"column":68}},"type":"binary-expr","locations":[{"start":{"line":44,"column":57},"end":{"line":44,"column":63}},{"start":{"line":44,"column":67},"end":{"line":44,"column":68}}],"line":44},"7":{"loc":{"start":{"line":51,"column":19},"end":{"line":51,"column":91}},"type":"cond-expr","locations":[{"start":{"line":51,"column":34},"end":{"line":51,"column":86}},{"start":{"line":51,"column":89},"end":{"line":51,"column":91}}],"line":51},"8":{"loc":{"start":{"line":51,"column":67},"end":{"line":51,"column":78}},"type":"binary-expr","locations":[{"start":{"line":51,"column":67},"end":{"line":51,"column":73}},{"start":{"line":51,"column":77},"end":{"line":51,"column":78}}],"line":51},"9":{"loc":{"start":{"line":52,"column":23},"end":{"line":52,"column":34}},"type":"binary-expr","locations":[{"start":{"line":52,"column":23},"end":{"line":52,"column":29}},{"start":{"line":52,"column":33},"end":{"line":52,"column":34}}],"line":52},"10":{"loc":{"start":{"line":84,"column":8},"end":{"line":84,"column":51}},"type":"if","locations":[{"start":{"line":84,"column":8},"end":{"line":84,"column":51}},{"start":{},"end":{}}],"line":84},"11":{"loc":{"start":{"line":101,"column":9},"end":{"line":194,"column":9}},"type":"cond-expr","locations":[{"start":{"line":102,"column":10},"end":{"line":102,"column":110}},{"start":{"line":104,"column":10},"end":{"line":193,"column":13}}],"line":101},"12":{"loc":{"start":{"line":120,"column":25},"end":{"line":120,"column":41}},"type":"binary-expr","locations":[{"start":{"line":120,"column":25},"end":{"line":120,"column":32}},{"start":{"line":120,"column":36},"end":{"line":120,"column":41}}],"line":120},"13":{"loc":{"start":{"line":123,"column":29},"end":{"line":123,"column":73}},"type":"binary-expr","locations":[{"start":{"line":123,"column":29},"end":{"line":123,"column":35}},{"start":{"line":123,"column":39},"end":{"line":123,"column":73}}],"line":123},"14":{"loc":{"start":{"line":124,"column":29},"end":{"line":124,"column":49}},"type":"binary-expr","locations":[{"start":{"line":124,"column":29},"end":{"line":124,"column":36}},{"start":{"line":124,"column":40},"end":{"line":124,"column":49}}],"line":124},"15":{"loc":{"start":{"line":130,"column":25},"end":{"line":130,"column":45}},"type":"binary-expr","locations":[{"start":{"line":130,"column":25},"end":{"line":130,"column":32}},{"start":{"line":130,"column":36},"end":{"line":130,"column":45}}],"line":130},"16":{"loc":{"start":{"line":131,"column":31},"end":{"line":131,"column":52}},"type":"binary-expr","locations":[{"start":{"line":131,"column":31},"end":{"line":131,"column":39}},{"start":{"line":131,"column":43},"end":{"line":131,"column":52}}],"line":131},"17":{"loc":{"start":{"line":140,"column":77},"end":{"line":140,"column":88}},"type":"binary-expr","locations":[{"start":{"line":140,"column":77},"end":{"line":140,"column":83}},{"start":{"line":140,"column":87},"end":{"line":140,"column":88}}],"line":140},"18":{"loc":{"start":{"line":149,"column":32},"end":{"line":149,"column":58}},"type":"binary-expr","locations":[{"start":{"line":149,"column":32},"end":{"line":149,"column":40}},{"start":{"line":149,"column":44},"end":{"line":149,"column":53}},{"start":{"line":149,"column":57},"end":{"line":149,"column":58}}],"line":149},"19":{"loc":{"start":{"line":149,"column":63},"end":{"line":149,"column":74}},"type":"binary-expr","locations":[{"start":{"line":149,"column":63},"end":{"line":149,"column":69}},{"start":{"line":149,"column":73},"end":{"line":149,"column":74}}],"line":149}},"s":{"0":1,"1":13,"2":6,"3":6,"4":6,"5":6,"6":2,"7":2,"8":2,"9":2,"10":0,"11":2,"12":6,"13":6,"14":2,"15":4,"16":6,"17":6,"18":5,"19":6,"20":0,"21":0,"22":0,"23":6,"24":0,"25":0,"26":0,"27":0,"28":6,"29":1,"30":1,"31":2,"32":1,"33":6,"34":1,"35":6,"36":0,"37":0,"38":0,"39":6,"40":0,"41":0,"42":0,"43":6,"44":0,"45":0,"46":0,"47":0,"48":0,"49":0,"50":0,"51":0,"52":0,"53":0,"54":0,"55":0,"56":6,"57":5,"58":0,"59":0,"60":0,"61":1,"62":0,"63":0},"f":{"0":13,"1":6,"2":2,"3":6,"4":6,"5":5,"6":0,"7":0,"8":0,"9":0,"10":0,"11":0,"12":0,"13":1,"14":1,"15":2,"16":1,"17":0,"18":0,"19":0,"20":5,"21":0,"22":0,"23":0,"24":1,"25":0,"26":0},"b":{"0":[13,0],"1":[2,0],"2":[2,4],"3":[5,0,0],"4":[5,0],"5":[0,0],"6":[0,0],"7":[0,0],"8":[0,0],"9":[0,0],"10":[0,0],"11":[3,3],"12":[5,0],"13":[5,0],"14":[5,0],"15":[5,0],"16":[5,0],"17":[5,0],"18":[5,0,0],"19":[5,0]},"_coverageSchema":"1a1c01bbd47fc00a2c39e90264f33305004495a9","hash":"2f93d2e4e00e89087707f58f3c5101980216c1d4"}
,"C:\\Users\\B\\Downloads\\PasteleriaReact-main\\PasteleriaReact-main\\src\\paginas\\Catalogo.jsx": {"path":"C:\\Users\\B\\Downloads\\PasteleriaReact-main\\PasteleriaReact-main\\src\\paginas\\Catalogo.jsx","statementMap":{"0":{"start":{"line":13,"column":36},"end":{"line":13,"column":51}},"1":{"start":{"line":14,"column":30},"end":{"line":14,"column":42}},"2":{"start":{"line":15,"column":26},"end":{"line":15,"column":46}},"3":{"start":{"line":16,"column":32},"end":{"line":16,"column":43}},"4":{"start":{"line":17,"column":26},"end":{"line":17,"column":37}},"5":{"start":{"line":18,"column":30},"end":{"line":18,"column":42}},"6":{"start":{"line":19,"column":36},"end":{"line":19,"column":48}},"7":{"start":{"line":22,"column":2},"end":{"line":25,"column":8}},"8":{"start":{"line":23,"column":17},"end":{"line":23,"column":25}},"9":{"start":{"line":24,"column":4},"end":{"line":24,"column":49}},"10":{"start":{"line":28,"column":2},"end":{"line":28,"column":63}},"11":{"start":{"line":28,"column":20},"end":{"line":28,"column":30}},"12":{"start":{"line":30,"column":20},"end":{"line":43,"column":3}},"13":{"start":{"line":32,"column":18},"end":{"line":32,"column":31}},"14":{"start":{"line":33,"column":4},"end":{"line":33,"column":54}},"15":{"start":{"line":35,"column":4},"end":{"line":35,"column":50}},"16":{"start":{"line":35,"column":23},"end":{"line":35,"column":48}},"17":{"start":{"line":36,"column":4},"end":{"line":42,"column":12}},"18":{"start":{"line":37,"column":6},"end":{"line":41,"column":8}},"19":{"start":{"line":38,"column":21},"end":{"line":38,"column":32}},"20":{"start":{"line":39,"column":8},"end":{"line":39,"column":25}},"21":{"start":{"line":40,"column":8},"end":{"line":40,"column":19}},"22":{"start":{"line":46,"column":21},"end":{"line":49,"column":17}},"23":{"start":{"line":47,"column":16},"end":{"line":47,"column":71}},"24":{"start":{"line":47,"column":43},"end":{"line":47,"column":53}},"25":{"start":{"line":48,"column":4},"end":{"line":48,"column":100}},"26":{"start":{"line":48,"column":75},"end":{"line":48,"column":97}},"27":{"start":{"line":52,"column":20},"end":{"line":59,"column":36}},"28":{"start":{"line":53,"column":14},"end":{"line":53,"column":41}},"29":{"start":{"line":54,"column":4},"end":{"line":58,"column":6}},"30":{"start":{"line":55,"column":20},"end":{"line":55,"column":67}},"31":{"start":{"line":56,"column":21},"end":{"line":56,"column":67}},"32":{"start":{"line":57,"column":6},"end":{"line":57,"column":28}},"33":{"start":{"line":61,"column":20},"end":{"line":66,"column":23}},"34":{"start":{"line":62,"column":16},"end":{"line":62,"column":30}},"35":{"start":{"line":63,"column":4},"end":{"line":63,"column":80}},"36":{"start":{"line":63,"column":29},"end":{"line":63,"column":80}},"37":{"start":{"line":63,"column":48},"end":{"line":63,"column":79}},"38":{"start":{"line":64,"column":4},"end":{"line":64,"column":81}},"39":{"start":{"line":64,"column":30},"end":{"line":64,"column":81}},"40":{"start":{"line":64,"column":49},"end":{"line":64,"column":80}},"41":{"start":{"line":65,"column":4},"end":{"line":65,"column":14}},"42":{"start":{"line":68,"column":21},"end":{"line":68,"column":37}},"43":{"start":{"line":69,"column":21},"end":{"line":69,"column":65}},"44":{"start":{"line":70,"column":22},"end":{"line":70,"column":48}},"45":{"start":{"line":71,"column":19},"end":{"line":71,"column":46}},"46":{"start":{"line":72,"column":20},"end":{"line":72,"column":65}},"47":{"start":{"line":74,"column":16},"end":{"line":75,"column":108}},"48":{"start":{"line":75,"column":4},"end":{"line":75,"column":108}},"49":{"start":{"line":77,"column":17},"end":{"line":77,"column":55}},"50":{"start":{"line":77,"column":23},"end":{"line":77,"column":55}},"51":{"start":{"line":77,"column":36},"end":{"line":77,"column":54}},"52":{"start":{"line":78,"column":17},"end":{"line":78,"column":64}},"53":{"start":{"line":78,"column":23},"end":{"line":78,"column":64}},"54":{"start":{"line":78,"column":36},"end":{"line":78,"column":63}},"55":{"start":{"line":80,"column":2},"end":{"line":210,"column":3}},"56":{"start":{"line":96,"column":33},"end":{"line":96,"column":61}},"57":{"start":{"line":100,"column":18},"end":{"line":100,"column":74}},"58":{"start":{"line":113,"column":33},"end":{"line":113,"column":58}},"59":{"start":{"line":124,"column":33},"end":{"line":124,"column":56}},"60":{"start":{"line":138,"column":33},"end":{"line":138,"column":67}},"61":{"start":{"line":162,"column":16},"end":{"line":192,"column":22}},"62":{"start":{"line":172,"column":42},"end":{"line":172,"column":98}},"63":{"start":{"line":184,"column":41},"end":{"line":184,"column":53}}},"fnMap":{"0":{"name":"Catalogo","decl":{"start":{"line":11,"column":24},"end":{"line":11,"column":32}},"loc":{"start":{"line":11,"column":57},"end":{"line":211,"column":1}},"line":11},"1":{"name":"(anonymous_1)","decl":{"start":{"line":22,"column":12},"end":{"line":22,"column":13}},"loc":{"start":{"line":22,"column":18},"end":{"line":25,"column":3}},"line":22},"2":{"name":"(anonymous_2)","decl":{"start":{"line":28,"column":12},"end":{"line":28,"column":13}},"loc":{"start":{"line":28,"column":18},"end":{"line":28,"column":32}},"line":28},"3":{"name":"(anonymous_3)","decl":{"start":{"line":30,"column":20},"end":{"line":30,"column":21}},"loc":{"start":{"line":30,"column":27},"end":{"line":43,"column":3}},"line":30},"4":{"name":"(anonymous_4)","decl":{"start":{"line":35,"column":14},"end":{"line":35,"column":15}},"loc":{"start":{"line":35,"column":23},"end":{"line":35,"column":48}},"line":35},"5":{"name":"(anonymous_5)","decl":{"start":{"line":36,"column":15},"end":{"line":36,"column":16}},"loc":{"start":{"line":36,"column":21},"end":{"line":42,"column":5}},"line":36},"6":{"name":"(anonymous_6)","decl":{"start":{"line":37,"column":16},"end":{"line":37,"column":17}},"loc":{"start":{"line":37,"column":24},"end":{"line":41,"column":7}},"line":37},"7":{"name":"(anonymous_7)","decl":{"start":{"line":46,"column":29},"end":{"line":46,"column":30}},"loc":{"start":{"line":46,"column":35},"end":{"line":49,"column":3}},"line":46},"8":{"name":"(anonymous_8)","decl":{"start":{"line":47,"column":38},"end":{"line":47,"column":39}},"loc":{"start":{"line":47,"column":43},"end":{"line":47,"column":53}},"line":47},"9":{"name":"(anonymous_9)","decl":{"start":{"line":48,"column":69},"end":{"line":48,"column":70}},"loc":{"start":{"line":48,"column":75},"end":{"line":48,"column":97}},"line":48},"10":{"name":"(anonymous_10)","decl":{"start":{"line":52,"column":28},"end":{"line":52,"column":29}},"loc":{"start":{"line":52,"column":34},"end":{"line":59,"column":3}},"line":52},"11":{"name":"(anonymous_11)","decl":{"start":{"line":54,"column":28},"end":{"line":54,"column":29}},"loc":{"start":{"line":54,"column":33},"end":{"line":58,"column":5}},"line":54},"12":{"name":"(anonymous_12)","decl":{"start":{"line":61,"column":28},"end":{"line":61,"column":29}},"loc":{"start":{"line":61,"column":34},"end":{"line":66,"column":3}},"line":61},"13":{"name":"(anonymous_13)","decl":{"start":{"line":63,"column":38},"end":{"line":63,"column":39}},"loc":{"start":{"line":63,"column":48},"end":{"line":63,"column":79}},"line":63},"14":{"name":"(anonymous_14)","decl":{"start":{"line":64,"column":39},"end":{"line":64,"column":40}},"loc":{"start":{"line":64,"column":49},"end":{"line":64,"column":80}},"line":64},"15":{"name":"(anonymous_15)","decl":{"start":{"line":74,"column":16},"end":{"line":74,"column":17}},"loc":{"start":{"line":75,"column":4},"end":{"line":75,"column":108}},"line":75},"16":{"name":"(anonymous_16)","decl":{"start":{"line":77,"column":17},"end":{"line":77,"column":18}},"loc":{"start":{"line":77,"column":23},"end":{"line":77,"column":55}},"line":77},"17":{"name":"(anonymous_17)","decl":{"start":{"line":77,"column":31},"end":{"line":77,"column":32}},"loc":{"start":{"line":77,"column":36},"end":{"line":77,"column":54}},"line":77},"18":{"name":"(anonymous_18)","decl":{"start":{"line":78,"column":17},"end":{"line":78,"column":18}},"loc":{"start":{"line":78,"column":23},"end":{"line":78,"column":64}},"line":78},"19":{"name":"(anonymous_19)","decl":{"start":{"line":78,"column":31},"end":{"line":78,"column":32}},"loc":{"start":{"line":78,"column":36},"end":{"line":78,"column":63}},"line":78},"20":{"name":"(anonymous_20)","decl":{"start":{"line":96,"column":26},"end":{"line":96,"column":27}},"loc":{"start":{"line":96,"column":33},"end":{"line":96,"column":61}},"line":96},"21":{"name":"(anonymous_21)","decl":{"start":{"line":99,"column":32},"end":{"line":99,"column":33}},"loc":{"start":{"line":100,"column":18},"end":{"line":100,"column":74}},"line":100},"22":{"name":"(anonymous_22)","decl":{"start":{"line":113,"column":26},"end":{"line":113,"column":27}},"loc":{"start":{"line":113,"column":33},"end":{"line":113,"column":58}},"line":113},"23":{"name":"(anonymous_23)","decl":{"start":{"line":124,"column":26},"end":{"line":124,"column":27}},"loc":{"start":{"line":124,"column":33},"end":{"line":124,"column":56}},"line":124},"24":{"name":"(anonymous_24)","decl":{"start":{"line":138,"column":26},"end":{"line":138,"column":27}},"loc":{"start":{"line":138,"column":33},"end":{"line":138,"column":67}},"line":138},"25":{"name":"(anonymous_25)","decl":{"start":{"line":161,"column":29},"end":{"line":161,"column":30}},"loc":{"start":{"line":162,"column":16},"end":{"line":192,"column":22}},"line":162},"26":{"name":"(anonymous_26)","decl":{"start":{"line":172,"column":33},"end":{"line":172,"column":34}},"loc":{"start":{"line":172,"column":40},"end":{"line":172,"column":100}},"line":172},"27":{"name":"(anonymous_27)","decl":{"start":{"line":184,"column":35},"end":{"line":184,"column":36}},"loc":{"start":{"line":184,"column":41},"end":{"line":184,"column":53}},"line":184}},"branchMap":{"0":{"loc":{"start":{"line":11,"column":35},"end":{"line":11,"column":53}},"type":"default-arg","locations":[{"start":{"line":11,"column":49},"end":{"line":11,"column":53}}],"line":11},"1":{"loc":{"start":{"line":24,"column":17},"end":{"line":24,"column":48}},"type":"cond-expr","locations":[{"start":{"line":24,"column":39},"end":{"line":24,"column":43}},{"start":{"line":24,"column":46},"end":{"line":24,"column":48}}],"line":24},"2":{"loc":{"start":{"line":55,"column":20},"end":{"line":55,"column":67}},"type":"binary-expr","locations":[{"start":{"line":55,"column":20},"end":{"line":55,"column":39}},{"start":{"line":55,"column":43},"end":{"line":55,"column":67}}],"line":55},"3":{"loc":{"start":{"line":56,"column":21},"end":{"line":56,"column":67}},"type":"binary-expr","locations":[{"start":{"line":56,"column":21},"end":{"line":56,"column":23}},{"start":{"line":56,"column":27},"end":{"line":56,"column":67}}],"line":56},"4":{"loc":{"start":{"line":56,"column":28},"end":{"line":56,"column":40}},"type":"binary-expr","locations":[{"start":{"line":56,"column":28},"end":{"line":56,"column":34}},{"start":{"line":56,"column":38},"end":{"line":56,"column":40}}],"line":56},"5":{"loc":{"start":{"line":57,"column":13},"end":{"line":57,"column":28}},"type":"binary-expr","locations":[{"start":{"line":57,"column":13},"end":{"line":57,"column":18}},{"start":{"line":57,"column":22},"end":{"line":57,"column":28}}],"line":57},"6":{"loc":{"start":{"line":63,"column":4},"end":{"line":63,"column":80}},"type":"if","locations":[{"start":{"line":63,"column":4},"end":{"line":63,"column":80}},{"start":{},"end":{}}],"line":63},"7":{"loc":{"start":{"line":63,"column":49},"end":{"line":63,"column":61}},"type":"binary-expr","locations":[{"start":{"line":63,"column":49},"end":{"line":63,"column":56}},{"start":{"line":63,"column":60},"end":{"line":63,"column":61}}],"line":63},"8":{"loc":{"start":{"line":63,"column":66},"end":{"line":63,"column":78}},"type":"binary-expr","locations":[{"start":{"line":63,"column":66},"end":{"line":63,"column":73}},{"start":{"line":63,"column":77},"end":{"line":63,"column":78}}],"line":63},"9":{"loc":{"start":{"line":64,"column":4},"end":{"line":64,"column":81}},"type":"if","locations":[{"start":{"line":64,"column":4},"end":{"line":64,"column":81}},{"start":{},"end":{}}],"line":64},"10":{"loc":{"start":{"line":64,"column":50},"end":{"line":64,"column":62}},"type":"binary-expr","locations":[{"start":{"line":64,"column":50},"end":{"line":64,"column":57}},{"start":{"line":64,"column":61},"end":{"line":64,"column":62}}],"line":64},"11":{"loc":{"start":{"line":64,"column":67},"end":{"line":64,"column":79}},"type":"binary-expr","locations":[{"start":{"line":64,"column":67},"end":{"line":64,"column":74}},{"start":{"line":64,"column":78},"end":{"line":64,"column":79}}],"line":64},"12":{"loc":{"start":{"line":75,"column":11},"end":{"line":75,"column":17}},"type":"binary-expr","locations":[{"start":{"line":75,"column":11},"end":{"line":75,"column":12}},{"start":{"line":75,"column":16},"end":{"line":75,"column":17}}],"line":75},"13":{"loc":{"start":{"line":157,"column":11},"end":{"line":195,"column":11}},"type":"cond-expr","locations":[{"start":{"line":158,"column":12},"end":{"line":158,"column":101}},{"start":{"line":160,"column":12},"end":{"line":194,"column":18}}],"line":157},"14":{"loc":{"start":{"line":165,"column":21},"end":{"line":165,"column":100}},"type":"binary-expr","locations":[{"start":{"line":165,"column":21},"end":{"line":165,"column":33}},{"start":{"line":165,"column":37},"end":{"line":165,"column":100}}],"line":165},"15":{"loc":{"start":{"line":183,"column":60},"end":{"line":183,"column":90}},"type":"cond-expr","locations":[{"start":{"line":183,"column":75},"end":{"line":183,"column":85}},{"start":{"line":183,"column":88},"end":{"line":183,"column":90}}],"line":183},"16":{"loc":{"start":{"line":187,"column":27},"end":{"line":187,"column":66}},"type":"cond-expr","locations":[{"start":{"line":187,"column":42},"end":{"line":187,"column":54}},{"start":{"line":187,"column":57},"end":{"line":187,"column":66}}],"line":187},"17":{"loc":{"start":{"line":199,"column":9},"end":{"line":205,"column":9}},"type":"binary-expr","locations":[{"start":{"line":199,"column":9},"end":{"line":199,"column":23}},{"start":{"line":200,"column":10},"end":{"line":204,"column":16}}],"line":199}},"s":{"0":14,"1":14,"2":14,"3":14,"4":14,"5":14,"6":14,"7":14,"8":4,"9":4,"10":14,"11":6,"12":14,"13":1,"14":1,"15":1,"16":1,"17":1,"18":1,"19":1,"20":1,"21":1,"22":14,"23":8,"24":12,"25":8,"26":8,"27":14,"28":10,"29":10,"30":18,"31":18,"32":18,"33":14,"34":10,"35":10,"36":10,"37":12,"38":10,"39":0,"40":0,"41":10,"42":14,"43":14,"44":14,"45":14,"46":14,"47":14,"48":22,"49":14,"50":0,"51":0,"52":14,"53":0,"54":0,"55":14,"56":1,"57":34,"58":1,"59":0,"60":0,"61":22,"62":0,"63":1},"f":{"0":14,"1":4,"2":6,"3":1,"4":1,"5":1,"6":1,"7":8,"8":12,"9":8,"10":10,"11":18,"12":10,"13":12,"14":0,"15":22,"16":0,"17":0,"18":0,"19":0,"20":1,"21":34,"22":1,"23":0,"24":0,"25":22,"26":0,"27":1},"b":{"0":[14],"1":[4,0],"2":[18,3],"3":[18,3],"4":[3,0],"5":[18,16],"6":[10,0],"7":[12,0],"8":[12,0],"9":[0,10],"10":[0,0],"11":[0,0],"12":[22,0],"13":[4,10],"14":[22,1],"15":[1,21],"16":[1,21],"17":[14,0]},"_coverageSchema":"1a1c01bbd47fc00a2c39e90264f33305004495a9","hash":"ce6c91763d693d3b084252d309346e70b0fc164d"}
,"C:\\Users\\B\\Downloads\\PasteleriaReact-main\\PasteleriaReact-main\\src\\paginas\\CompraError.jsx": {"path":"C:\\Users\\B\\Downloads\\PasteleriaReact-main\\PasteleriaReact-main\\src\\paginas\\CompraError.jsx","statementMap":{"0":{"start":{"line":7,"column":2},"end":{"line":20,"column":3}}},"fnMap":{"0":{"name":"CompraError","decl":{"start":{"line":6,"column":24},"end":{"line":6,"column":35}},"loc":{"start":{"line":6,"column":37},"end":{"line":21,"column":1}},"line":6}},"branchMap":{},"s":{"0":1},"f":{"0":1},"b":{},"_coverageSchema":"1a1c01bbd47fc00a2c39e90264f33305004495a9","hash":"54657399375885c5ba9fa2c6074520faf2feea6b"}
,"C:\\Users\\B\\Downloads\\PasteleriaReact-main\\PasteleriaReact-main\\src\\paginas\\CompraExitosa.jsx": {"path":"C:\\Users\\B\\Downloads\\PasteleriaReact-main\\PasteleriaReact-main\\src\\paginas\\CompraExitosa.jsx","statementMap":{"0":{"start":{"line":7,"column":2},"end":{"line":17,"column":3}}},"fnMap":{"0":{"name":"CompraExitosa","decl":{"start":{"line":6,"column":24},"end":{"line":6,"column":37}},"loc":{"start":{"line":6,"column":39},"end":{"line":18,"column":1}},"line":6}},"branchMap":{},"s":{"0":1},"f":{"0":1},"b":{},"_coverageSchema":"1a1c01bbd47fc00a2c39e90264f33305004495a9","hash":"247d3f32d05878567f93033773c81d6670b97fed"}
,"C:\\Users\\B\\Downloads\\PasteleriaReact-main\\PasteleriaReact-main\\src\\paginas\\Contacto.jsx": {"path":"C:\\Users\\B\\Downloads\\PasteleriaReact-main\\PasteleriaReact-main\\src\\paginas\\Contacto.jsx","statementMap":{"0":{"start":{"line":9,"column":30},"end":{"line":9,"column":42}},"1":{"start":{"line":10,"column":28},"end":{"line":10,"column":40}},"2":{"start":{"line":11,"column":32},"end":{"line":11,"column":44}},"3":{"start":{"line":12,"column":32},"end":{"line":12,"column":47}},"4":{"start":{"line":14,"column":23},"end":{"line":21,"column":3}},"5":{"start":{"line":15,"column":4},"end":{"line":15,"column":22}},"6":{"start":{"line":16,"column":4},"end":{"line":16,"column":63}},"7":{"start":{"line":17,"column":4},"end":{"line":17,"column":20}},"8":{"start":{"line":18,"column":4},"end":{"line":18,"column":17}},"9":{"start":{"line":19,"column":4},"end":{"line":19,"column":16}},"10":{"start":{"line":20,"column":4},"end":{"line":20,"column":18}},"11":{"start":{"line":23,"column":2},"end":{"line":91,"column":3}},"12":{"start":{"line":59,"column":31},"end":{"line":59,"column":56}},"13":{"start":{"line":70,"column":31},"end":{"line":70,"column":55}},"14":{"start":{"line":81,"column":31},"end":{"line":81,"column":57}}},"fnMap":{"0":{"name":"Contacto","decl":{"start":{"line":8,"column":24},"end":{"line":8,"column":32}},"loc":{"start":{"line":8,"column":35},"end":{"line":92,"column":1}},"line":8},"1":{"name":"(anonymous_1)","decl":{"start":{"line":14,"column":23},"end":{"line":14,"column":24}},"loc":{"start":{"line":14,"column":30},"end":{"line":21,"column":3}},"line":14},"2":{"name":"(anonymous_2)","decl":{"start":{"line":59,"column":24},"end":{"line":59,"column":25}},"loc":{"start":{"line":59,"column":31},"end":{"line":59,"column":56}},"line":59},"3":{"name":"(anonymous_3)","decl":{"start":{"line":70,"column":24},"end":{"line":70,"column":25}},"loc":{"start":{"line":70,"column":31},"end":{"line":70,"column":55}},"line":70},"4":{"name":"(anonymous_4)","decl":{"start":{"line":81,"column":24},"end":{"line":81,"column":25}},"loc":{"start":{"line":81,"column":31},"end":{"line":81,"column":57}},"line":81}},"branchMap":{"0":{"loc":{"start":{"line":49,"column":9},"end":{"line":49,"column":87}},"type":"binary-expr","locations":[{"start":{"line":49,"column":9},"end":{"line":49,"column":16}},{"start":{"line":49,"column":20},"end":{"line":49,"column":87}}],"line":49}},"s":{"0":1,"1":1,"2":1,"3":1,"4":1,"5":0,"6":0,"7":0,"8":0,"9":0,"10":0,"11":1,"12":0,"13":0,"14":0},"f":{"0":1,"1":0,"2":0,"3":0,"4":0},"b":{"0":[1,0]},"_coverageSchema":"1a1c01bbd47fc00a2c39e90264f33305004495a9","hash":"20e90680f0be80c3b1b597f595b38f7c16ebcef5"}
,"C:\\Users\\B\\Downloads\\PasteleriaReact-main\\PasteleriaReact-main\\src\\paginas\\Registrarse.jsx": {"path":"C:\\Users\\B\\Downloads\\PasteleriaReact-main\\PasteleriaReact-main\\src\\paginas\\Registrarse.jsx","statementMap":{"0":{"start":{"line":7,"column":32},"end":{"line":7,"column":44}},"1":{"start":{"line":8,"column":36},"end":{"line":8,"column":48}},"2":{"start":{"line":9,"column":28},"end":{"line":9,"column":40}},"3":{"start":{"line":10,"column":34},"end":{"line":10,"column":46}},"4":{"start":{"line":11,"column":36},"end":{"line":11,"column":48}},"5":{"start":{"line":12,"column":36},"end":{"line":12,"column":48}},"6":{"start":{"line":14,"column":36},"end":{"line":14,"column":51}},"7":{"start":{"line":15,"column":36},"end":{"line":15,"column":51}},"8":{"start":{"line":16,"column":28},"end":{"line":16,"column":40}},"9":{"start":{"line":18,"column":23},"end":{"line":35,"column":3}},"10":{"start":{"line":19,"column":4},"end":{"line":19,"column":22}},"11":{"start":{"line":20,"column":4},"end":{"line":23,"column":5}},"12":{"start":{"line":21,"column":6},"end":{"line":21,"column":87}},"13":{"start":{"line":22,"column":6},"end":{"line":22,"column":12}},"14":{"start":{"line":24,"column":20},"end":{"line":24,"column":60}},"15":{"start":{"line":25,"column":4},"end":{"line":28,"column":5}},"16":{"start":{"line":26,"column":6},"end":{"line":26,"column":42}},"17":{"start":{"line":27,"column":6},"end":{"line":27,"column":12}},"18":{"start":{"line":29,"column":4},"end":{"line":32,"column":5}},"19":{"start":{"line":30,"column":6},"end":{"line":30,"column":46}},"20":{"start":{"line":31,"column":6},"end":{"line":31,"column":12}},"21":{"start":{"line":33,"column":4},"end":{"line":33,"column":16}},"22":{"start":{"line":34,"column":4},"end":{"line":34,"column":82}},"23":{"start":{"line":37,"column":2},"end":{"line":179,"column":3}},"24":{"start":{"line":53,"column":31},"end":{"line":53,"column":57}},"25":{"start":{"line":66,"column":31},"end":{"line":66,"column":59}},"26":{"start":{"line":79,"column":31},"end":{"line":79,"column":55}},"27":{"start":{"line":91,"column":31},"end":{"line":91,"column":58}},"28":{"start":{"line":106,"column":33},"end":{"line":106,"column":61}},"29":{"start":{"line":114,"column":31},"end":{"line":114,"column":52}},"30":{"start":{"line":114,"column":49},"end":{"line":114,"column":51}},"31":{"start":{"line":140,"column":33},"end":{"line":140,"column":61}},"32":{"start":{"line":148,"column":31},"end":{"line":148,"column":52}},"33":{"start":{"line":148,"column":49},"end":{"line":148,"column":51}}},"fnMap":{"0":{"name":"Registrarse","decl":{"start":{"line":6,"column":24},"end":{"line":6,"column":35}},"loc":{"start":{"line":6,"column":38},"end":{"line":180,"column":1}},"line":6},"1":{"name":"(anonymous_1)","decl":{"start":{"line":18,"column":23},"end":{"line":18,"column":24}},"loc":{"start":{"line":18,"column":30},"end":{"line":35,"column":3}},"line":18},"2":{"name":"(anonymous_2)","decl":{"start":{"line":53,"column":24},"end":{"line":53,"column":25}},"loc":{"start":{"line":53,"column":31},"end":{"line":53,"column":57}},"line":53},"3":{"name":"(anonymous_3)","decl":{"start":{"line":66,"column":24},"end":{"line":66,"column":25}},"loc":{"start":{"line":66,"column":31},"end":{"line":66,"column":59}},"line":66},"4":{"name":"(anonymous_4)","decl":{"start":{"line":79,"column":24},"end":{"line":79,"column":25}},"loc":{"start":{"line":79,"column":31},"end":{"line":79,"column":55}},"line":79},"5":{"name":"(anonymous_5)","decl":{"start":{"line":91,"column":24},"end":{"line":91,"column":25}},"loc":{"start":{"line":91,"column":31},"end":{"line":91,"column":58}},"line":91},"6":{"name":"(anonymous_6)","decl":{"start":{"line":106,"column":26},"end":{"line":106,"column":27}},"loc":{"start":{"line":106,"column":33},"end":{"line":106,"column":61}},"line":106},"7":{"name":"(anonymous_7)","decl":{"start":{"line":114,"column":25},"end":{"line":114,"column":26}},"loc":{"start":{"line":114,"column":31},"end":{"line":114,"column":52}},"line":114},"8":{"name":"(anonymous_8)","decl":{"start":{"line":114,"column":44},"end":{"line":114,"column":45}},"loc":{"start":{"line":114,"column":49},"end":{"line":114,"column":51}},"line":114},"9":{"name":"(anonymous_9)","decl":{"start":{"line":140,"column":26},"end":{"line":140,"column":27}},"loc":{"start":{"line":140,"column":33},"end":{"line":140,"column":61}},"line":140},"10":{"name":"(anonymous_10)","decl":{"start":{"line":148,"column":25},"end":{"line":148,"column":26}},"loc":{"start":{"line":148,"column":31},"end":{"line":148,"column":52}},"line":148},"11":{"name":"(anonymous_11)","decl":{"start":{"line":148,"column":44},"end":{"line":148,"column":45}},"loc":{"start":{"line":148,"column":49},"end":{"line":148,"column":51}},"line":148}},"branchMap":{"0":{"loc":{"start":{"line":20,"column":4},"end":{"line":23,"column":5}},"type":"if","locations":[{"start":{"line":20,"column":4},"end":{"line":23,"column":5}},{"start":{},"end":{}}],"line":20},"1":{"loc":{"start":{"line":20,"column":8},"end":{"line":20,"column":81}},"type":"binary-expr","locations":[{"start":{"line":20,"column":8},"end":{"line":20,"column":16}},{"start":{"line":20,"column":20},"end":{"line":20,"column":30}},{"start":{"line":20,"column":34},"end":{"line":20,"column":40}},{"start":{"line":20,"column":44},"end":{"line":20,"column":54}},{"start":{"line":20,"column":58},"end":{"line":20,"column":68}},{"start":{"line":20,"column":72},"end":{"line":20,"column":81}}],"line":20},"2":{"loc":{"start":{"line":25,"column":4},"end":{"line":28,"column":5}},"type":"if","locations":[{"start":{"line":25,"column":4},"end":{"line":28,"column":5}},{"start":{},"end":{}}],"line":25},"3":{"loc":{"start":{"line":29,"column":4},"end":{"line":32,"column":5}},"type":"if","locations":[{"start":{"line":29,"column":4},"end":{"line":32,"column":5}},{"start":{},"end":{}}],"line":29},"4":{"loc":{"start":{"line":101,"column":22},"end":{"line":101,"column":53}},"type":"cond-expr","locations":[{"start":{"line":101,"column":34},"end":{"line":101,"column":40}},{"start":{"line":101,"column":43},"end":{"line":101,"column":53}}],"line":101},"5":{"loc":{"start":{"line":112,"column":28},"end":{"line":112,"column":83}},"type":"cond-expr","locations":[{"start":{"line":112,"column":40},"end":{"line":112,"column":60}},{"start":{"line":112,"column":63},"end":{"line":112,"column":83}}],"line":112},"6":{"loc":{"start":{"line":116,"column":17},"end":{"line":126,"column":17}},"type":"cond-expr","locations":[{"start":{"line":117,"column":18},"end":{"line":120,"column":24}},{"start":{"line":122,"column":18},"end":{"line":125,"column":24}}],"line":116},"7":{"loc":{"start":{"line":135,"column":22},"end":{"line":135,"column":53}},"type":"cond-expr","locations":[{"start":{"line":135,"column":34},"end":{"line":135,"column":40}},{"start":{"line":135,"column":43},"end":{"line":135,"column":53}}],"line":135},"8":{"loc":{"start":{"line":146,"column":28},"end":{"line":146,"column":83}},"type":"cond-expr","locations":[{"start":{"line":146,"column":40},"end":{"line":146,"column":60}},{"start":{"line":146,"column":63},"end":{"line":146,"column":83}}],"line":146},"9":{"loc":{"start":{"line":150,"column":17},"end":{"line":160,"column":17}},"type":"cond-expr","locations":[{"start":{"line":151,"column":18},"end":{"line":154,"column":24}},{"start":{"line":156,"column":18},"end":{"line":159,"column":24}}],"line":150},"10":{"loc":{"start":{"line":165,"column":11},"end":{"line":169,"column":11}},"type":"binary-expr","locations":[{"start":{"line":165,"column":11},"end":{"line":165,"column":16}},{"start":{"line":166,"column":12},"end":{"line":168,"column":18}}],"line":165}},"s":{"0":29,"1":29,"2":29,"3":29,"4":29,"5":29,"6":29,"7":29,"8":29,"9":29,"10":4,"11":4,"12":1,"13":1,"14":3,"15":3,"16":1,"17":1,"18":2,"19":1,"20":1,"21":1,"22":1,"23":29,"24":4,"25":3,"26":3,"27":3,"28":3,"29":0,"30":0,"31":3,"32":0,"33":0},"f":{"0":29,"1":4,"2":4,"3":3,"4":3,"5":3,"6":3,"7":0,"8":0,"9":3,"10":0,"11":0},"b":{"0":[1,3],"1":[4,4,3,3,3,3],"2":[1,2],"3":[1,1],"4":[0,29],"5":[0,29],"6":[0,29],"7":[0,29],"8":[0,29],"9":[0,29],"10":[29,3]},"_coverageSchema":"1a1c01bbd47fc00a2c39e90264f33305004495a9","hash":"f27d1c3184f8b0a78853f0f8e1404c627b44fb6f"}
,"C:\\Users\\B\\Downloads\\PasteleriaReact-main\\PasteleriaReact-main\\src\\utils\\cart.js": {"path":"C:\\Users\\B\\Downloads\\PasteleriaReact-main\\PasteleriaReact-main\\src\\utils\\cart.js","statementMap":{"0":{"start":{"line":2,"column":12},"end":{"line":2,"column":18}},"1":{"start":{"line":5,"column":2},"end":{"line":11,"column":3}},"2":{"start":{"line":6,"column":16},"end":{"line":6,"column":41}},"3":{"start":{"line":7,"column":16},"end":{"line":7,"column":42}},"4":{"start":{"line":8,"column":4},"end":{"line":8,"column":40}},"5":{"start":{"line":10,"column":4},"end":{"line":10,"column":13}},"6":{"start":{"line":15,"column":2},"end":{"line":17,"column":12}},"7":{"start":{"line":16,"column":4},"end":{"line":16,"column":78}},"8":{"start":{"line":21,"column":15},"end":{"line":21,"column":25}},"9":{"start":{"line":22,"column":12},"end":{"line":22,"column":48}},"10":{"start":{"line":22,"column":33},"end":{"line":22,"column":47}},"11":{"start":{"line":23,"column":2},"end":{"line":27,"column":3}},"12":{"start":{"line":24,"column":4},"end":{"line":24,"column":78}},"13":{"start":{"line":26,"column":4},"end":{"line":26,"column":46}},"14":{"start":{"line":28,"column":2},"end":{"line":28,"column":17}},"15":{"start":{"line":29,"column":2},"end":{"line":29,"column":13}}},"fnMap":{"0":{"name":"readCart","decl":{"start":{"line":4,"column":16},"end":{"line":4,"column":24}},"loc":{"start":{"line":4,"column":27},"end":{"line":12,"column":1}},"line":4},"1":{"name":"writeCart","decl":{"start":{"line":14,"column":16},"end":{"line":14,"column":25}},"loc":{"start":{"line":14,"column":32},"end":{"line":18,"column":1}},"line":14},"2":{"name":"addItem","decl":{"start":{"line":20,"column":16},"end":{"line":20,"column":23}},"loc":{"start":{"line":20,"column":36},"end":{"line":30,"column":1}},"line":20},"3":{"name":"(anonymous_3)","decl":{"start":{"line":22,"column":27},"end":{"line":22,"column":28}},"loc":{"start":{"line":22,"column":33},"end":{"line":22,"column":47}},"line":22}},"branchMap":{"0":{"loc":{"start":{"line":7,"column":16},"end":{"line":7,"column":42}},"type":"cond-expr","locations":[{"start":{"line":7,"column":22},"end":{"line":7,"column":37}},{"start":{"line":7,"column":40},"end":{"line":7,"column":42}}],"line":7},"1":{"loc":{"start":{"line":8,"column":11},"end":{"line":8,"column":40}},"type":"cond-expr","locations":[{"start":{"line":8,"column":32},"end":{"line":8,"column":35}},{"start":{"line":8,"column":38},"end":{"line":8,"column":40}}],"line":8},"2":{"loc":{"start":{"line":16,"column":45},"end":{"line":16,"column":76}},"type":"cond-expr","locations":[{"start":{"line":16,"column":67},"end":{"line":16,"column":71}},{"start":{"line":16,"column":74},"end":{"line":16,"column":76}}],"line":16},"3":{"loc":{"start":{"line":20,"column":27},"end":{"line":20,"column":34}},"type":"default-arg","locations":[{"start":{"line":20,"column":33},"end":{"line":20,"column":34}}],"line":20},"4":{"loc":{"start":{"line":23,"column":2},"end":{"line":27,"column":3}},"type":"if","locations":[{"start":{"line":23,"column":2},"end":{"line":27,"column":3}},{"start":{"line":25,"column":9},"end":{"line":27,"column":3}}],"line":23},"5":{"loc":{"start":{"line":24,"column":40},"end":{"line":24,"column":56}},"type":"binary-expr","locations":[{"start":{"line":24,"column":40},"end":{"line":24,"column":51}},{"start":{"line":24,"column":55},"end":{"line":24,"column":56}}],"line":24},"6":{"loc":{"start":{"line":24,"column":67},"end":{"line":24,"column":75}},"type":"binary-expr","locations":[{"start":{"line":24,"column":67},"end":{"line":24,"column":70}},{"start":{"line":24,"column":74},"end":{"line":24,"column":75}}],"line":24},"7":{"loc":{"start":{"line":26,"column":34},"end":{"line":26,"column":42}},"type":"binary-expr","locations":[{"start":{"line":26,"column":34},"end":{"line":26,"column":37}},{"start":{"line":26,"column":41},"end":{"line":26,"column":42}}],"line":26}},"s":{"0":1,"1":2,"2":2,"3":2,"4":2,"5":0,"6":4,"7":4,"8":0,"9":0,"10":0,"11":0,"12":0,"13":0,"14":0,"15":0},"f":{"0":2,"1":4,"2":0,"3":0},"b":{"0":[2,0],"1":[2,0],"2":[4,0],"3":[0],"4":[0,0],"5":[0,0],"6":[0,0],"7":[0,0]},"_coverageSchema":"1a1c01bbd47fc00a2c39e90264f33305004495a9","hash":"7ae4377f2bf18116a3e6c8764af6ad40bdd7be52"}
}
