TN:
SF:src\componentes\Footer.jsx
FN:3,Footer
FNF:1
FNH:1
FNDA:20,Footer
DA:4,20
LF:1
LH:1
BRF:0
BRH:0
end_of_record
TN:
SF:src\componentes\Navbar.jsx
FN:5,Navbar
FNF:1
FNH:1
FNDA:48,Navbar
DA:6,48
LF:1
LH:1
BRDA:5,0,0,48
BRDA:40,1,0,48
BRDA:40,1,1,0
BRF:3
BRH:2
end_of_record
TN:
SF:src\data\productos.js
FN:23,load
FN:32,save
FN:36,getAll
FN:37,getById
FN:37,(anonymous_4)
FN:38,create
FN:40,(anonymous_6)
FN:45,update
FN:47,(anonymous_8)
FN:53,remove
FN:54,(anonymous_10)
FN:57,getByCategory
FN:59,(anonymous_12)
FN:61,getOffers
FN:62,(anonymous_14)
FNF:15
FNH:4
FNDA:1,load
FNDA:1,save
FNDA:0,getAll
FNDA:0,getById
FNDA:0,(anonymous_4)
FNDA:0,create
FNDA:0,(anonymous_6)
FNDA:0,update
FNDA:0,(anonymous_8)
FNDA:1,remove
FNDA:16,(anonymous_10)
FNDA:0,getByCategory
FNDA:0,(anonymous_12)
FNDA:0,getOffers
FNDA:0,(anonymous_14)
DA:2,1
DA:4,1
DA:24,1
DA:25,1
DA:26,1
DA:28,0
DA:33,1
DA:36,0
DA:37,0
DA:39,0
DA:40,0
DA:41,0
DA:42,0
DA:43,0
DA:46,0
DA:47,0
DA:48,0
DA:49,0
DA:50,0
DA:51,0
DA:54,16
DA:55,1
DA:58,0
DA:59,0
DA:62,0
LF:25
LH:8
BRDA:26,0,0,0
BRDA:26,0,1,1
BRDA:37,1,0,0
BRDA:37,1,1,0
BRDA:40,2,0,0
BRDA:40,2,1,0
BRDA:48,3,0,0
BRDA:48,3,1,0
BRDA:58,4,0,0
BRDA:58,4,1,0
BRF:10
BRH:1
end_of_record
TN:
SF:src\paginas\Carrito.jsx
FN:9,(anonymous_0)
FN:16,Carrito
FN:21,(anonymous_2)
FN:32,(anonymous_3)
FN:38,(anonymous_4)
FN:38,(anonymous_5)
FN:42,(anonymous_6)
FN:43,(anonymous_7)
FN:44,(anonymous_8)
FN:48,(anonymous_9)
FN:49,(anonymous_10)
FN:51,(anonymous_11)
FN:52,(anonymous_12)
FN:56,(anonymous_13)
FN:58,(anonymous_14)
FN:58,(anonymous_15)
FN:64,(anonymous_16)
FN:66,(anonymous_17)
FN:72,(anonymous_18)
FN:78,(anonymous_19)
FN:118,(anonymous_20)
FN:127,(anonymous_21)
FN:135,(anonymous_22)
FN:143,(anonymous_23)
FN:153,(anonymous_24)
FN:178,(anonymous_25)
FN:185,(anonymous_26)
FNF:27
FNH:12
FNDA:13,(anonymous_0)
FNDA:6,Carrito
FNDA:2,(anonymous_2)
FNDA:6,(anonymous_3)
FNDA:6,(anonymous_4)
FNDA:5,(anonymous_5)
FNDA:0,(anonymous_6)
FNDA:0,(anonymous_7)
FNDA:0,(anonymous_8)
FNDA:0,(anonymous_9)
FNDA:0,(anonymous_10)
FNDA:0,(anonymous_11)
FNDA:0,(anonymous_12)
FNDA:1,(anonymous_13)
FNDA:1,(anonymous_14)
FNDA:2,(anonymous_15)
FNDA:1,(anonymous_16)
FNDA:0,(anonymous_17)
FNDA:0,(anonymous_18)
FNDA:0,(anonymous_19)
FNDA:5,(anonymous_20)
FNDA:0,(anonymous_21)
FNDA:0,(anonymous_22)
FNDA:0,(anonymous_23)
FNDA:1,(anonymous_24)
FNDA:0,(anonymous_25)
FNDA:0,(anonymous_26)
DA:9,1
DA:10,13
DA:17,6
DA:18,6
DA:19,6
DA:21,6
DA:22,2
DA:23,2
DA:24,2
DA:25,2
DA:27,0
DA:29,2
DA:32,6
DA:33,6
DA:34,4
DA:37,6
DA:38,6
DA:42,6
DA:43,0
DA:44,0
DA:48,6
DA:49,0
DA:50,0
DA:51,0
DA:52,0
DA:56,6
DA:58,2
DA:61,1
DA:64,6
DA:66,6
DA:67,0
DA:68,0
DA:69,0
DA:72,6
DA:73,0
DA:74,0
DA:75,0
DA:78,6
DA:79,0
DA:80,0
DA:81,0
DA:82,0
DA:83,0
DA:84,0
DA:86,0
DA:87,0
DA:88,0
DA:90,0
DA:91,0
DA:95,6
DA:119,5
DA:127,0
DA:135,0
DA:143,0
DA:153,1
DA:178,0
DA:185,0
LF:57
LH:28
BRDA:10,0,0,13
BRDA:10,0,1,0
BRDA:25,1,0,2
BRDA:25,1,1,0
BRDA:33,2,0,2
BRDA:33,2,1,4
BRDA:38,3,0,5
BRDA:38,3,1,0
BRDA:38,3,2,0
BRDA:38,4,0,5
BRDA:38,4,1,0
BRDA:44,5,0,0
BRDA:44,5,1,0
BRDA:44,6,0,0
BRDA:44,6,1,0
BRDA:51,7,0,0
BRDA:51,7,1,0
BRDA:51,8,0,0
BRDA:51,8,1,0
BRDA:52,9,0,0
BRDA:52,9,1,0
BRDA:84,10,0,0
BRDA:84,10,1,0
BRDA:101,11,0,3
BRDA:101,11,1,3
BRDA:120,12,0,5
BRDA:120,12,1,0
BRDA:123,13,0,5
BRDA:123,13,1,0
BRDA:124,14,0,5
BRDA:124,14,1,0
BRDA:130,15,0,5
BRDA:130,15,1,0
BRDA:131,16,0,5
BRDA:131,16,1,0
BRDA:140,17,0,5
BRDA:140,17,1,0
BRDA:149,18,0,5
BRDA:149,18,1,0
BRDA:149,18,2,0
BRDA:149,19,0,5
BRDA:149,19,1,0
BRF:42
BRH:16
end_of_record
TN:
SF:src\paginas\Catalogo.jsx
FN:11,Catalogo
FN:22,(anonymous_1)
FN:28,(anonymous_2)
FN:30,(anonymous_3)
FN:35,(anonymous_4)
FN:36,(anonymous_5)
FN:37,(anonymous_6)
FN:46,(anonymous_7)
FN:47,(anonymous_8)
FN:48,(anonymous_9)
FN:52,(anonymous_10)
FN:54,(anonymous_11)
FN:61,(anonymous_12)
FN:63,(anonymous_13)
FN:64,(anonymous_14)
FN:74,(anonymous_15)
FN:77,(anonymous_16)
FN:77,(anonymous_17)
FN:78,(anonymous_18)
FN:78,(anonymous_19)
FN:96,(anonymous_20)
FN:99,(anonymous_21)
FN:113,(anonymous_22)
FN:124,(anonymous_23)
FN:138,(anonymous_24)
FN:161,(anonymous_25)
FN:172,(anonymous_26)
FN:184,(anonymous_27)
FNF:28
FNH:20
FNDA:14,Catalogo
FNDA:4,(anonymous_1)
FNDA:6,(anonymous_2)
FNDA:1,(anonymous_3)
FNDA:1,(anonymous_4)
FNDA:1,(anonymous_5)
FNDA:1,(anonymous_6)
FNDA:8,(anonymous_7)
FNDA:12,(anonymous_8)
FNDA:8,(anonymous_9)
FNDA:10,(anonymous_10)
FNDA:18,(anonymous_11)
FNDA:10,(anonymous_12)
FNDA:12,(anonymous_13)
FNDA:0,(anonymous_14)
FNDA:22,(anonymous_15)
FNDA:0,(anonymous_16)
FNDA:0,(anonymous_17)
FNDA:0,(anonymous_18)
FNDA:0,(anonymous_19)
FNDA:1,(anonymous_20)
FNDA:34,(anonymous_21)
FNDA:1,(anonymous_22)
FNDA:0,(anonymous_23)
FNDA:0,(anonymous_24)
FNDA:22,(anonymous_25)
FNDA:0,(anonymous_26)
FNDA:1,(anonymous_27)
DA:13,14
DA:14,14
DA:15,14
DA:16,14
DA:17,14
DA:18,14
DA:19,14
DA:22,14
DA:23,4
DA:24,4
DA:28,14
DA:30,14
DA:32,1
DA:33,1
DA:35,1
DA:36,1
DA:37,1
DA:38,1
DA:39,1
DA:40,1
DA:46,14
DA:47,12
DA:48,8
DA:52,14
DA:53,10
DA:54,10
DA:55,18
DA:56,18
DA:57,18
DA:61,14
DA:62,10
DA:63,12
DA:64,10
DA:65,10
DA:68,14
DA:69,14
DA:70,14
DA:71,14
DA:72,14
DA:74,14
DA:75,22
DA:77,14
DA:78,14
DA:80,14
DA:96,1
DA:100,34
DA:113,1
DA:124,0
DA:138,0
DA:162,22
DA:172,0
DA:184,1
LF:52
LH:49
BRDA:11,0,0,14
BRDA:24,1,0,4
BRDA:24,1,1,0
BRDA:55,2,0,18
BRDA:55,2,1,3
BRDA:56,3,0,18
BRDA:56,3,1,3
BRDA:56,4,0,3
BRDA:56,4,1,0
BRDA:57,5,0,18
BRDA:57,5,1,16
BRDA:63,6,0,10
BRDA:63,6,1,0
BRDA:63,7,0,12
BRDA:63,7,1,0
BRDA:63,8,0,12
BRDA:63,8,1,0
BRDA:64,9,0,0
BRDA:64,9,1,10
BRDA:64,10,0,0
BRDA:64,10,1,0
BRDA:64,11,0,0
BRDA:64,11,1,0
BRDA:75,12,0,22
BRDA:75,12,1,0
BRDA:157,13,0,4
BRDA:157,13,1,10
BRDA:165,14,0,22
BRDA:165,14,1,1
BRDA:183,15,0,1
BRDA:183,15,1,21
BRDA:187,16,0,1
BRDA:187,16,1,21
BRDA:199,17,0,14
BRDA:199,17,1,0
BRF:35
BRH:23
end_of_record
TN:
SF:src\paginas\CompraError.jsx
FN:6,CompraError
FNF:1
FNH:1
FNDA:1,CompraError
DA:7,1
LF:1
LH:1
BRF:0
BRH:0
end_of_record
TN:
SF:src\paginas\CompraExitosa.jsx
FN:6,CompraExitosa
FNF:1
FNH:1
FNDA:1,CompraExitosa
DA:7,1
LF:1
LH:1
BRF:0
BRH:0
end_of_record
TN:
SF:src\paginas\Contacto.jsx
FN:8,Contacto
FN:14,(anonymous_1)
FN:59,(anonymous_2)
FN:70,(anonymous_3)
FN:81,(anonymous_4)
FNF:5
FNH:1
FNDA:1,Contacto
FNDA:0,(anonymous_1)
FNDA:0,(anonymous_2)
FNDA:0,(anonymous_3)
FNDA:0,(anonymous_4)
DA:9,1
DA:10,1
DA:11,1
DA:12,1
DA:14,1
DA:15,0
DA:16,0
DA:17,0
DA:18,0
DA:19,0
DA:20,0
DA:23,1
DA:59,0
DA:70,0
DA:81,0
LF:15
LH:6
BRDA:49,0,0,1
BRDA:49,0,1,0
BRF:2
BRH:1
end_of_record
TN:
SF:src\paginas\Registrarse.jsx
FN:6,Registrarse
FN:18,(anonymous_1)
FN:53,(anonymous_2)
FN:66,(anonymous_3)
FN:79,(anonymous_4)
FN:91,(anonymous_5)
FN:106,(anonymous_6)
FN:114,(anonymous_7)
FN:114,(anonymous_8)
FN:140,(anonymous_9)
FN:148,(anonymous_10)
FN:148,(anonymous_11)
FNF:12
FNH:8
FNDA:29,Registrarse
FNDA:4,(anonymous_1)
FNDA:4,(anonymous_2)
FNDA:3,(anonymous_3)
FNDA:3,(anonymous_4)
FNDA:3,(anonymous_5)
FNDA:3,(anonymous_6)
FNDA:0,(anonymous_7)
FNDA:0,(anonymous_8)
FNDA:3,(anonymous_9)
FNDA:0,(anonymous_10)
FNDA:0,(anonymous_11)
DA:7,29
DA:8,29
DA:9,29
DA:10,29
DA:11,29
DA:12,29
DA:14,29
DA:15,29
DA:16,29
DA:18,29
DA:19,4
DA:20,4
DA:21,1
DA:22,1
DA:24,3
DA:25,3
DA:26,1
DA:27,1
DA:29,2
DA:30,1
DA:31,1
DA:33,1
DA:34,1
DA:37,29
DA:53,4
DA:66,3
DA:79,3
DA:91,3
DA:106,3
DA:114,0
DA:140,3
DA:148,0
LF:32
LH:30
BRDA:20,0,0,1
BRDA:20,0,1,3
BRDA:20,1,0,4
BRDA:20,1,1,4
BRDA:20,1,2,3
BRDA:20,1,3,3
BRDA:20,1,4,3
BRDA:20,1,5,3
BRDA:25,2,0,1
BRDA:25,2,1,2
BRDA:29,3,0,1
BRDA:29,3,1,1
BRDA:101,4,0,0
BRDA:101,4,1,29
BRDA:112,5,0,0
BRDA:112,5,1,29
BRDA:116,6,0,0
BRDA:116,6,1,29
BRDA:135,7,0,0
BRDA:135,7,1,29
BRDA:146,8,0,0
BRDA:146,8,1,29
BRDA:150,9,0,0
BRDA:150,9,1,29
BRDA:165,10,0,29
BRDA:165,10,1,3
BRF:26
BRH:20
end_of_record
TN:
SF:src\utils\cart.js
FN:4,readCart
FN:14,writeCart
FN:20,addItem
FN:22,(anonymous_3)
FNF:4
FNH:2
FNDA:2,readCart
FNDA:4,writeCart
FNDA:0,addItem
FNDA:0,(anonymous_3)
DA:2,1
DA:5,2
DA:6,2
DA:7,2
DA:8,2
DA:10,0
DA:15,4
DA:16,4
DA:21,0
DA:22,0
DA:23,0
DA:24,0
DA:26,0
DA:28,0
DA:29,0
LF:15
LH:7
BRDA:7,0,0,2
BRDA:7,0,1,0
BRDA:8,1,0,2
BRDA:8,1,1,0
BRDA:16,2,0,4
BRDA:16,2,1,0
BRDA:20,3,0,0
BRDA:23,4,0,0
BRDA:23,4,1,0
BRDA:24,5,0,0
BRDA:24,5,1,0
BRDA:24,6,0,0
BRDA:24,6,1,0
BRDA:26,7,0,0
BRDA:26,7,1,0
BRF:15
BRH:3
end_of_record
